<?xml version="1.0" encoding="UTF-8"?>
<testng-results ignored="0" total="1" passed="1" failed="0" skipped="0">
  <reporter-output>
  </reporter-output>
  <suite started-at="2023-11-10T14:48:10 IST" name="Default suite" finished-at="2023-11-10T14:48:15 IST" duration-ms="5450">
    <groups>
    </groups>
    <test started-at="2023-11-10T14:48:10 IST" name="Default test" finished-at="2023-11-10T14:48:15 IST" duration-ms="5450">
      <class name="demo.DemoPractice">
        <test-method signature="practiceMethod()[pri:0, instance:demo.DemoPractice@1e04fa0a]" started-at="2023-11-10T14:48:10 IST" name="practiceMethod" finished-at="2023-11-10T14:48:15 IST" duration-ms="5394" status="PASS">
          <reporter-output>
          </reporter-output>
        </test-method> <!-- practiceMethod -->
      </class> <!-- demo.DemoPractice -->
    </test> <!-- Default test -->
  </suite> <!-- Default suite -->
</testng-results>
